<?xml version="1.0" encoding="UTF-8"?>
<!-- Generated by org.testng.reporters.JUnitReportReporter -->
<testsuite hostname="ATMECSINLT-038" failures="0" tests="8" name="com.atmecs.dataProvider.TestDataProvider" time="0.043" errors="0" timestamp="27 Sep 2019 08:01:34 GMT" skipped="0">
  <testcase classname="com.atmecs.dataProvider.TestDataProvider" name="validatefooter" time="0.003"/>
  <testcase classname="com.atmecs.dataProvider.TestDataProvider" name="validatefooter" time="0.004"/>
  <testcase classname="com.atmecs.dataProvider.TestDataProvider" name="validatefooter" time="0.008"/>
  <testcase classname="com.atmecs.dataProvider.TestDataProvider" name="validatefooter" time="0.012"/>
  <testcase classname="com.atmecs.dataProvider.TestDataProvider" name="validatefooter" time="0.004"/>
  <testcase classname="com.atmecs.dataProvider.TestDataProvider" name="validatefooter" time="0.004"/>
  <testcase classname="com.atmecs.dataProvider.TestDataProvider" name="validatefooter" time="0.004"/>
  <testcase classname="com.atmecs.dataProvider.TestDataProvider" name="validatefooter" time="0.004"/>
</testsuite> <!-- com.atmecs.dataProvider.TestDataProvider -->
