<?xml version="1.0" encoding="UTF-8"?>
<!-- Generated by org.testng.reporters.JUnitReportReporter -->
<testsuite hostname="ATMECSINLT-038" failures="0" tests="5" name="com.atmecs.testScripts.InsightsValidation" time="17.528" errors="0" timestamp="30 Sep 2019 11:21:20 GMT" skipped="0">
  <testcase classname="com.atmecs.testScripts.InsightsValidation" name="anchorRedirection" time="16.073"/>
  <testcase classname="com.atmecs.testScripts.InsightsValidation" name="validateDate" time="0.231"/>
  <testcase classname="com.atmecs.testScripts.InsightsValidation" name="validateTitle" time="0.144"/>
  <testcase classname="com.atmecs.testScripts.InsightsValidation" name="validateBreadCrumb" time="0.296"/>
  <testcase classname="com.atmecs.testScripts.InsightsValidation" name="validateErrorMsg" time="0.784"/>
</testsuite> <!-- com.atmecs.testScripts.InsightsValidation -->
