<?xml version="1.0" encoding="UTF-8"?>
<!-- Generated by org.testng.reporters.JUnitReportReporter -->
<testsuite hostname="ATMECSINLT-038" failures="0" tests="14" name="com.atmecs.testScripts.ValidateAnchors" time="11.141" errors="0" timestamp="30 Sep 2019 11:21:20 GMT" skipped="0">
  <testcase classname="com.atmecs.testScripts.ValidateAnchors" name="moveToDigitalLife" time="4.697"/>
  <testcase classname="com.atmecs.testScripts.ValidateAnchors" name="isDigitalLifeAnchorPresent" time="0.172"/>
  <testcase classname="com.atmecs.testScripts.ValidateAnchors" name="isDigitalLifeAnchorPresent" time="0.000"/>
  <testcase classname="com.atmecs.testScripts.ValidateAnchors" name="isDigitalLifeAnchorPresent" time="0.168"/>
  <testcase classname="com.atmecs.testScripts.ValidateAnchors" name="isDigitalLifeAnchorPresent" time="0.244"/>
  <testcase classname="com.atmecs.testScripts.ValidateAnchors" name="isDigitalLifeAnchorPresent" time="0.172"/>
  <testcase classname="com.atmecs.testScripts.ValidateAnchors" name="isDigitalLifeAnchorPresent" time="0.204"/>
  <testcase classname="com.atmecs.testScripts.ValidateAnchors" name="moveToInfrastructure" time="4.608"/>
  <testcase classname="com.atmecs.testScripts.ValidateAnchors" name="isInfrastructureAnchorPresent" time="0.152"/>
  <testcase classname="com.atmecs.testScripts.ValidateAnchors" name="isInfrastructureAnchorPresent" time="0.148"/>
  <testcase classname="com.atmecs.testScripts.ValidateAnchors" name="isInfrastructureAnchorPresent" time="0.244"/>
  <testcase classname="com.atmecs.testScripts.ValidateAnchors" name="isInfrastructureAnchorPresent" time="0.004"/>
  <testcase classname="com.atmecs.testScripts.ValidateAnchors" name="isInfrastructureAnchorPresent" time="0.152"/>
  <testcase classname="com.atmecs.testScripts.ValidateAnchors" name="isInfrastructureAnchorPresent" time="0.176"/>
</testsuite> <!-- com.atmecs.testScripts.ValidateAnchors -->
