<?xml version="1.0" encoding="UTF-8"?>
<!-- Generated by org.testng.reporters.JUnitReportReporter -->
<testsuite hostname="ATMECSINLT-038" failures="0" tests="1" name="com.atmecs.constants.MultipleElements" time="0.000" errors="0" timestamp="27 Sep 2019 07:39:56 GMT" skipped="1">
  <testcase classname="com.atmecs.constants.MultipleElements" name="getElements" time="0.000">
    <skipped/>
  </testcase> <!-- getElements -->
</testsuite> <!-- com.atmecs.constants.MultipleElements -->
