<?xml version="1.0" encoding="UTF-8"?>
<!-- Generated by org.testng.reporters.JUnitReportReporter -->
<testsuite hostname="ATMECSINLT-038" failures="0" tests="15" name="com.atmecs.dataProvider.TestDataProvider" time="0.046" errors="0" timestamp="27 Sep 2019 07:39:56 GMT" skipped="0">
  <testcase classname="com.atmecs.dataProvider.TestDataProvider" name="validatefooter" time="0.000"/>
  <testcase classname="com.atmecs.dataProvider.TestDataProvider" name="validatefooter" time="0.000"/>
  <testcase classname="com.atmecs.dataProvider.TestDataProvider" name="validatefooter" time="0.015"/>
  <testcase classname="com.atmecs.dataProvider.TestDataProvider" name="validatefooter" time="0.000"/>
  <testcase classname="com.atmecs.dataProvider.TestDataProvider" name="validatefooter" time="0.000"/>
  <testcase classname="com.atmecs.dataProvider.TestDataProvider" name="validatefooter" time="0.000"/>
  <testcase classname="com.atmecs.dataProvider.TestDataProvider" name="validatefooter" time="0.015"/>
  <testcase classname="com.atmecs.dataProvider.TestDataProvider" name="validatefooter" time="0.000"/>
  <testcase classname="com.atmecs.dataProvider.TestDataProvider" name="validatefooter" time="0.000"/>
  <testcase classname="com.atmecs.dataProvider.TestDataProvider" name="validatefooter" time="0.016"/>
  <testcase classname="com.atmecs.dataProvider.TestDataProvider" name="validatefooter" time="0.000"/>
  <testcase classname="com.atmecs.dataProvider.TestDataProvider" name="validatefooter" time="0.000"/>
  <testcase classname="com.atmecs.dataProvider.TestDataProvider" name="validatefooter" time="0.000"/>
  <testcase classname="com.atmecs.dataProvider.TestDataProvider" name="validatefooter" time="0.000"/>
  <testcase classname="com.atmecs.dataProvider.TestDataProvider" name="validatefooter" time="0.000"/>
</testsuite> <!-- com.atmecs.dataProvider.TestDataProvider -->
